{"type":"server-started","port":52014,"host":"127.0.0.1","url_host":"localhost","url":"http://localhost:52014","screen_dir":"/Users/telmobarris/Desktop/comparativa-farmacias/.superpowers/brainstorm/59294-1779791685/content","state_dir":"/Users/telmobarris/Desktop/comparativa-farmacias/.superpowers/brainstorm/59294-1779791685/state"}
{"type":"screen-added","file":"/Users/telmobarris/Desktop/comparativa-farmacias/.superpowers/brainstorm/59294-1779791685/content/escaneo-origen.html"}
{"type":"screen-updated","file":"/Users/telmobarris/Desktop/comparativa-farmacias/.superpowers/brainstorm/59294-1779791685/content/escaneo-origen.html"}
{"type":"screen-updated","file":"/Users/telmobarris/Desktop/comparativa-farmacias/.superpowers/brainstorm/59294-1779791685/content/escaneo-origen.html"}
{"type":"screen-updated","file":"/Users/telmobarris/Desktop/comparativa-farmacias/.superpowers/brainstorm/59294-1779791685/content/escaneo-origen.html"}
{"source":"user-event","type":"click","text":"B\n    \n      Cámara en tiempo real (navegador)\n      El navegador abre la cámara del móvil o webcam y escanea el código de barras en tiempo real sin necesidad de subir ningún archivo.\n      \n        VentajasInstantáneo, como un lector de pistolaFlujo más parecido a programas de farmacia\n        InconvenientesRequiere permiso cámara en navegadorMás complejo de implementar","choice":"b","id":null,"timestamp":1779791812403}
{"source":"user-event","type":"click","text":"A\n    \n      Foto desde el móvil\n      Haces una foto al albarán con el móvil y la subes a la web. La app detecta el código de barras en la imagen automáticamente antes de pasar al OCR.\n      \n        VentajasSin hardware adicionalFlujo ya conocido (ya subes fotos)\n        InconvenientesUn paso extra (foto → subir)","choice":"a","id":null,"timestamp":1779791814069}
{"source":"user-event","type":"click","text":"B\n    \n      Cámara en tiempo real (navegador)\n      El navegador abre la cámara del móvil o webcam y escanea el código de barras en tiempo real sin necesidad de subir ningún archivo.\n      \n        VentajasInstantáneo, como un lector de pistolaFlujo más parecido a programas de farmacia\n        InconvenientesRequiere permiso cámara en navegadorMás complejo de implementar","choice":"b","id":null,"timestamp":1779791814685}
{"source":"user-event","type":"click","text":"B\n    \n      Cámara en tiempo real (navegador)\n      El navegador abre la cámara del móvil o webcam y escanea el código de barras en tiempo real sin necesidad de subir ningún archivo.\n      \n        VentajasInstantáneo, como un lector de pistolaFlujo más parecido a programas de farmacia\n        InconvenientesRequiere permiso cámara en navegadorMás complejo de implementar","choice":"b","id":null,"timestamp":1779791822785}
{"source":"user-event","type":"click","text":"B\n    \n      Cámara en tiempo real (navegador)\n      El navegador abre la cámara del móvil o webcam y escanea el código de barras en tiempo real sin necesidad de subir ningún archivo.\n      \n        VentajasInstantáneo, como un lector de pistolaFlujo más parecido a programas de farmacia\n        InconvenientesRequiere permiso cámara en navegadorMás complejo de implementar","choice":"b","id":null,"timestamp":1779791822969}
{"source":"user-event","type":"click","text":"B\n    \n      Cámara en tiempo real (navegador)\n      El navegador abre la cámara del móvil o webcam y escanea el código de barras en tiempo real sin necesidad de subir ningún archivo.\n      \n        VentajasInstantáneo, como un lector de pistolaFlujo más parecido a programas de farmacia\n        InconvenientesRequiere permiso cámara en navegadorMás complejo de implementar","choice":"b","id":null,"timestamp":1779791823685}
{"type":"screen-added","file":"/Users/telmobarris/Desktop/comparativa-farmacias/.superpowers/brainstorm/59294-1779791685/content/barcode-tipo.html"}
{"type":"screen-updated","file":"/Users/telmobarris/Desktop/comparativa-farmacias/.superpowers/brainstorm/59294-1779791685/content/barcode-tipo.html"}
{"type":"screen-updated","file":"/Users/telmobarris/Desktop/comparativa-farmacias/.superpowers/brainstorm/59294-1779791685/content/barcode-tipo.html"}
{"type":"screen-updated","file":"/Users/telmobarris/Desktop/comparativa-farmacias/.superpowers/brainstorm/59294-1779791685/content/barcode-tipo.html"}
{"source":"user-event","type":"click","text":"PDF417 / DataMatrix\n    \n    \n      Código 2D de alta densidad\n      PDF417 o DataMatrix: común en albaranes farmacéuticos. Puede contener varias líneas de productos, cantidades y precios directamente codificados. Ideal para generar PDF sin API.","choice":"c","id":null,"timestamp":1779792122185}
{"source":"user-event","type":"click","text":"||||||||| ||| |||||||||| |||| |||\n      8470000123456\n      Code 128 / Code 39 / EAN-13\n    \n    \n      Código de barras lineal\n      Solo contiene un número (p.ej. el número de albarán o código de artículo). Para generar el PDF habría que buscar los datos en el portal del proveedor (Hefame, BIDA...).","choice":"a","id":null,"timestamp":1779792257549}
{"type":"screen-added","file":"/Users/telmobarris/Desktop/comparativa-farmacias/.superpowers/brainstorm/59294-1779791685/content/datos-origen.html"}
{"type":"screen-updated","file":"/Users/telmobarris/Desktop/comparativa-farmacias/.superpowers/brainstorm/59294-1779791685/content/datos-origen.html"}
{"type":"screen-updated","file":"/Users/telmobarris/Desktop/comparativa-farmacias/.superpowers/brainstorm/59294-1779791685/content/datos-origen.html"}
{"type":"screen-updated","file":"/Users/telmobarris/Desktop/comparativa-farmacias/.superpowers/brainstorm/59294-1779791685/content/datos-origen.html"}
{"source":"user-event","type":"click","text":"A\n    \n      Portal web del proveedor\n      Hefame, BIDA, Cofares... tienen portales web donde puedes buscar un albarán por número. La app haría login con tus credenciales y descargaría el albarán automáticamente.\n      \n        VentajasDatos 100% correctos, sin OCRPDF oficial del proveedor\n        InconvenientesRequiere credenciales por proveedorLos portales pueden bloquear scrapingDepende de acceso a internet","choice":"a","id":null,"timestamp":1779792404500}
{"type":"screen-added","file":"/Users/telmobarris/Desktop/comparativa-farmacias/.superpowers/brainstorm/59294-1779791685/content/credenciales.html"}
{"type":"screen-updated","file":"/Users/telmobarris/Desktop/comparativa-farmacias/.superpowers/brainstorm/59294-1779791685/content/credenciales.html"}
{"type":"screen-updated","file":"/Users/telmobarris/Desktop/comparativa-farmacias/.superpowers/brainstorm/59294-1779791685/content/credenciales.html"}
{"type":"screen-updated","file":"/Users/telmobarris/Desktop/comparativa-farmacias/.superpowers/brainstorm/59294-1779791685/content/credenciales.html"}
{"source":"user-event","type":"click","text":"A\n    \n      Tengo usuario y contraseña en el portal de Hefame (y/o BIDA)\n      Puedo acceder manualmente a su web ahora mismo. La app haría el mismo login automáticamente y buscaría el albarán por número.","choice":"a","id":null,"timestamp":1779792548883}
{"source":"user-event","type":"click","text":"A\n    \n      Tengo usuario y contraseña en el portal de Hefame (y/o BIDA)\n      Puedo acceder manualmente a su web ahora mismo. La app haría el mismo login automáticamente y buscaría el albarán por número.","choice":"a","id":null,"timestamp":1779792554005}
{"type":"screen-added","file":"/Users/telmobarris/Desktop/comparativa-farmacias/.superpowers/brainstorm/59294-1779791685/content/enfoques.html"}
{"type":"screen-updated","file":"/Users/telmobarris/Desktop/comparativa-farmacias/.superpowers/brainstorm/59294-1779791685/content/enfoques.html"}
{"type":"screen-updated","file":"/Users/telmobarris/Desktop/comparativa-farmacias/.superpowers/brainstorm/59294-1779791685/content/enfoques.html"}
{"type":"screen-updated","file":"/Users/telmobarris/Desktop/comparativa-farmacias/.superpowers/brainstorm/59294-1779791685/content/enfoques.html"}
{"source":"user-event","type":"click","text":"📷 Cámara / foto → ZXing-js\n      ↓ detecta proveedor por prefijo\n      ├─ Hefame/BIDA → requests + cookie\n      │   ├─ PDF directo → ✅\n      │   └─ HTML → reconstruir PDF\n      └─ Otro lab → OCR actual\n      ─────────────────\n      + input manual del número\n    \n    \n      C — Híbrido inteligente ⭐ Recomendado\n      Como A, pero detecta el proveedor automáticamente por el formato del número de albarán (prefijo Hefame vs BIDA). Si no descarga PDF directo, reconstruye desde HTML. Fallback a OCR para labs externos. Incluye campo manual si el código no se lee bien.\n      \n        VentajasLigero en Render (sin Playwright)Cubre Hefame + BIDA + otros labsRobusto: 3 niveles de fallbackNo depende de un solo camino\n        RiesgoNecesita inspeccionar el portal de Hefame una vez para mapear su HTML","choice":"c","id":null,"timestamp":1779792653866}
{"source":"user-event","type":"click","text":"📷 Cámara / foto → ZXing-js\n      ↓ detecta proveedor por prefijo\n      ├─ Hefame/BIDA → requests + cookie\n      │   ├─ PDF directo → ✅\n      │   └─ HTML → reconstruir PDF\n      └─ Otro lab → OCR actual\n      ─────────────────\n      + input manual del número\n    \n    \n      C — Híbrido inteligente ⭐ Recomendado\n      Como A, pero detecta el proveedor automáticamente por el formato del número de albarán (prefijo Hefame vs BIDA). Si no descarga PDF directo, reconstruye desde HTML. Fallback a OCR para labs externos. Incluye campo manual si el código no se lee bien.\n      \n        VentajasLigero en Render (sin Playwright)Cubre Hefame + BIDA + otros labsRobusto: 3 niveles de fallbackNo depende de un solo camino\n        RiesgoNecesita inspeccionar el portal de Hefame una vez para mapear su HTML","choice":"c","id":null,"timestamp":1779792673384}
{"type":"screen-added","file":"/Users/telmobarris/Desktop/comparativa-farmacias/.superpowers/brainstorm/59294-1779791685/content/arquitectura.html"}
{"type":"screen-updated","file":"/Users/telmobarris/Desktop/comparativa-farmacias/.superpowers/brainstorm/59294-1779791685/content/arquitectura.html"}
{"type":"screen-updated","file":"/Users/telmobarris/Desktop/comparativa-farmacias/.superpowers/brainstorm/59294-1779791685/content/arquitectura.html"}
{"type":"screen-updated","file":"/Users/telmobarris/Desktop/comparativa-farmacias/.superpowers/brainstorm/59294-1779791685/content/arquitectura.html"}
{"type":"screen-added","file":"/Users/telmobarris/Desktop/comparativa-farmacias/.superpowers/brainstorm/59294-1779791685/content/ui-scanner.html"}
{"type":"screen-updated","file":"/Users/telmobarris/Desktop/comparativa-farmacias/.superpowers/brainstorm/59294-1779791685/content/ui-scanner.html"}
{"type":"screen-updated","file":"/Users/telmobarris/Desktop/comparativa-farmacias/.superpowers/brainstorm/59294-1779791685/content/ui-scanner.html"}
{"type":"screen-updated","file":"/Users/telmobarris/Desktop/comparativa-farmacias/.superpowers/brainstorm/59294-1779791685/content/ui-scanner.html"}
{"source":"user-event","type":"click","text":"A\n    \n      Tabs — Escanear / Subir archivo\n      Modo scanner como pestaña principal. Más visible, pensado para uso diario con el escáner.","choice":"a","id":null,"timestamp":1779792829812}
{"type":"screen-added","file":"/Users/telmobarris/Desktop/comparativa-farmacias/.superpowers/brainstorm/59294-1779791685/content/diseno-final.html"}
{"type":"screen-updated","file":"/Users/telmobarris/Desktop/comparativa-farmacias/.superpowers/brainstorm/59294-1779791685/content/diseno-final.html"}
{"type":"screen-updated","file":"/Users/telmobarris/Desktop/comparativa-farmacias/.superpowers/brainstorm/59294-1779791685/content/diseno-final.html"}
{"type":"screen-updated","file":"/Users/telmobarris/Desktop/comparativa-farmacias/.superpowers/brainstorm/59294-1779791685/content/diseno-final.html"}
{"type":"server-stopped","reason":"idle timeout"}
